<?xml version="1.0" encoding="UTF-8"?>
<!-- Generated by org.testng.reporters.JUnitXMLReporter -->
<testsuite ignored="0" hostname="LAPTOP-SV3CMC9U" failures="0" tests="1" name="Test2" time="37.006" errors="0" timestamp="2024-10-28T09:48:47 IST">
  <testcase classname="testng.D47_BaseClass" name="@BeforeClass launchBrowser" time="0.015">
    <failure type="java.lang.NullPointerException" message="Cannot invoke &amp;quot;org.openqa.selenium.WebDriver.manage()&amp;quot; because &amp;quot;this.driver&amp;quot; is null">
      <![CDATA[java.lang.NullPointerException: Cannot invoke "org.openqa.selenium.WebDriver.manage()" because "this.driver" is null
at testng.D47_BaseClass.launchBrowser(D47_BaseClass.java:55)
at java.base/java.util.ArrayList.forEach(ArrayList.java:1596)
at java.base/java.util.concurrent.FutureTask.run(FutureTask.java:317)
at java.base/java.util.concurrent.ThreadPoolExecutor.runWorker(ThreadPoolExecutor.java:1144)
at java.base/java.util.concurrent.ThreadPoolExecutor$Worker.run(ThreadPoolExecutor.java:642)
at java.base/java.lang.Thread.run(Thread.java:1583)
... Removed 14 stack frames]]>
    </failure>
  </testcase> <!-- @BeforeClass launchBrowser -->
  <testcase classname="testng.D47_BaseClass" name="@BeforeMethod login" time="-1.73008909153E9">
    <skipped/>
  </testcase> <!-- @BeforeMethod login -->
  <testcase classname="testng.D47_BaseClass" name="@AfterMethod logout" time="-1.730089091537E9">
    <skipped/>
  </testcase> <!-- @AfterMethod logout -->
  <testcase classname="testng.D47_BaseClass" name="@AfterClass closeBrowser" time="-1.730089091541E9">
    <skipped/>
  </testcase> <!-- @AfterClass closeBrowser -->
  <testcase classname="testng.D47_TestScript" name="clickOnBooks" time="1.476"/>
</testsuite> <!-- Test2 -->
